0 silly argv {
0 silly argv   _: [ 'run' ],
0 silly argv   parallel: true,
0 silly argv   lernaVersion: '4.0.0',
0 silly argv   '$0': 'lerna',
0 silly argv   script: 'dev'
0 silly argv }
1 notice cli v4.0.0
2 verbose rootPath /Users/mattahrens/Documents/newPortfolioSite2022
3 error JSONError: Unexpected token "}" (0x7D) in JSON at position 335 while parsing near "...oy --playground\",\n  },\n  \"keywords\": [\n ..." in studio/package.json
3 error
3 error [0m [90m 11 |[39m     [32m"build"[39m[33m:[39m [32m"sanity build"[39m[33m,[39m[0m
3 error [0m [90m 12 |[39m     [32m"graphql-deploy"[39m[33m:[39m [32m"sanity graphql deploy --playground"[39m[33m,[39m[0m
3 error [0m[31m[1m>[22m[39m[90m 13 |[39m   }[33m,[39m[0m
3 error [0m [90m    |[39m   [31m[1m^[22m[39m[0m
3 error [0m [90m 14 |[39m   [32m"keywords"[39m[33m:[39m [[0m
3 error [0m [90m 15 |[39m     [32m"sanity"[39m[0m
3 error [0m [90m 16 |[39m   ][33m,[39m[0m
3 error
3 error     at parseJson (/usr/local/lib/node_modules/lerna/node_modules/parse-json/index.js:29:21)
3 error     at parse (/usr/local/lib/node_modules/lerna/node_modules/load-json-file/index.js:15:9)
3 error     at module.exports (/usr/local/lib/node_modules/lerna/node_modules/load-json-file/index.js:18:47)
